2022-02-25 15:46:50 root         INFO     Starting sales producer
2022-02-25 15:46:51 root         INFO     Produced {'seller_id': 'DEN', 'amount_usd': 380, 'sale_ts': 1645784210942} to topic sales-usd partition 0 offset 9
2022-02-25 15:46:56 root         INFO     Produced {'seller_id': 'KC', 'amount_usd': 172, 'sale_ts': 1645784216179} to topic sales-usd partition 0 offset 19
2022-02-25 15:47:01 root         INFO     Produced {'seller_id': 'OMA', 'amount_usd': 305, 'sale_ts': 1645784221390} to topic sales-usd partition 0 offset 29
2022-02-25 15:47:06 root         INFO     Produced {'seller_id': 'KC', 'amount_usd': 274, 'sale_ts': 1645784226599} to topic sales-usd partition 0 offset 39
2022-02-25 15:47:12 root         INFO     Produced {'seller_id': 'LNK', 'amount_usd': 587, 'sale_ts': 1645784231810} to topic sales-usd partition 0 offset 49
2022-02-25 15:47:17 root         INFO     Produced {'seller_id': 'LNK', 'amount_usd': 269, 'sale_ts': 1645784237018} to topic sales-usd partition 0 offset 59
2022-02-25 15:47:22 root         INFO     Produced {'seller_id': 'LNK', 'amount_usd': 390, 'sale_ts': 1645784242226} to topic sales-usd partition 0 offset 69
2022-02-25 15:47:27 root         INFO     Produced {'seller_id': 'DEN', 'amount_usd': 551, 'sale_ts': 1645784247437} to topic sales-usd partition 0 offset 79
2022-02-25 15:47:32 root         INFO     Produced {'seller_id': 'LNK', 'amount_usd': 637, 'sale_ts': 1645784252646} to topic sales-usd partition 0 offset 89
2022-02-25 15:47:38 root         INFO     Produced {'seller_id': 'OMA', 'amount_usd': 361, 'sale_ts': 1645784257855} to topic sales-usd partition 0 offset 99
2022-02-25 15:47:43 root         INFO     Produced {'seller_id': 'DEN', 'amount_usd': 866, 'sale_ts': 1645784263064} to topic sales-usd partition 0 offset 109
2022-02-25 15:47:48 root         INFO     Produced {'seller_id': 'KC', 'amount_usd': 940, 'sale_ts': 1645784268276} to topic sales-usd partition 0 offset 119
2022-02-25 15:47:53 root         INFO     Produced {'seller_id': 'OMA', 'amount_usd': 523, 'sale_ts': 1645784273486} to topic sales-usd partition 0 offset 129
2022-02-25 15:47:58 root         INFO     Produced {'seller_id': 'KC', 'amount_usd': 837, 'sale_ts': 1645784278696} to topic sales-usd partition 0 offset 139
2022-02-25 15:48:04 root         INFO     Produced {'seller_id': 'DEN', 'amount_usd': 424, 'sale_ts': 1645784283906} to topic sales-usd partition 0 offset 149
2022-02-25 15:48:09 root         INFO     Produced {'seller_id': 'KC', 'amount_usd': 871, 'sale_ts': 1645784289114} to topic sales-usd partition 0 offset 159
2022-02-25 15:48:14 root         INFO     Produced {'seller_id': 'OMA', 'amount_usd': 228, 'sale_ts': 1645784294324} to topic sales-usd partition 0 offset 169
2022-02-25 15:48:19 root         INFO     Produced {'seller_id': 'OMA', 'amount_usd': 349, 'sale_ts': 1645784299534} to topic sales-usd partition 0 offset 179
2022-02-25 15:48:24 root         INFO     Produced {'seller_id': 'LNK', 'amount_usd': 816, 'sale_ts': 1645784304741} to topic sales-usd partition 0 offset 189
2022-02-25 15:48:30 root         INFO     Produced {'seller_id': 'KC', 'amount_usd': 711, 'sale_ts': 1645784309950} to topic sales-usd partition 0 offset 199
2022-02-25 15:48:35 root         INFO     Produced {'seller_id': 'KC', 'amount_usd': 293, 'sale_ts': 1645784315158} to topic sales-usd partition 0 offset 209
2022-02-25 15:48:40 root         INFO     Produced {'seller_id': 'LNK', 'amount_usd': 287, 'sale_ts': 1645784320365} to topic sales-usd partition 0 offset 219
2022-02-25 15:48:45 root         INFO     Produced {'seller_id': 'OMA', 'amount_usd': 538, 'sale_ts': 1645784325574} to topic sales-usd partition 0 offset 229
2022-02-25 15:48:50 root         INFO     Produced {'seller_id': 'DEN', 'amount_usd': 453, 'sale_ts': 1645784330784} to topic sales-usd partition 0 offset 239
2022-02-25 15:48:56 root         INFO     Produced {'seller_id': 'LNK', 'amount_usd': 500, 'sale_ts': 1645784335993} to topic sales-usd partition 0 offset 249
2022-02-25 15:49:01 root         INFO     Produced {'seller_id': 'LNK', 'amount_usd': 362, 'sale_ts': 1645784341198} to topic sales-usd partition 0 offset 259
2022-02-25 15:49:06 root         INFO     Produced {'seller_id': 'DEN', 'amount_usd': 993, 'sale_ts': 1645784346402} to topic sales-usd partition 0 offset 269
2022-02-25 15:49:11 root         INFO     Produced {'seller_id': 'OMA', 'amount_usd': 143, 'sale_ts': 1645784351610} to topic sales-usd partition 0 offset 279
2022-02-25 15:49:17 root         INFO     Produced {'seller_id': 'DEN', 'amount_usd': 794, 'sale_ts': 1645784356820} to topic sales-usd partition 0 offset 289
2022-02-25 15:49:22 root         INFO     Produced {'seller_id': 'OMA', 'amount_usd': 917, 'sale_ts': 1645784362030} to topic sales-usd partition 0 offset 299
2022-02-25 15:49:27 root         INFO     Produced {'seller_id': 'LNK', 'amount_usd': 367, 'sale_ts': 1645784367238} to topic sales-usd partition 0 offset 309
2022-02-25 15:49:32 root         INFO     Produced {'seller_id': 'LNK', 'amount_usd': 984, 'sale_ts': 1645784372446} to topic sales-usd partition 0 offset 319
2022-02-25 15:49:37 root         INFO     Produced {'seller_id': 'KC', 'amount_usd': 955, 'sale_ts': 1645784377654} to topic sales-usd partition 0 offset 329
2022-02-25 15:55:57 root         INFO     Starting sales producer
2022-02-25 15:55:57 root         INFO     Produced {'seller_id': 'KC', 'amount_usd': 965, 'sale_ts': 1645784757794} to topic sales-usd partition 0 offset 339
2022-02-25 15:56:03 root         INFO     Produced {'seller_id': 'LNK', 'amount_usd': 936, 'sale_ts': 1645784763001} to topic sales-usd partition 0 offset 349
2022-02-25 15:56:08 root         INFO     Produced {'seller_id': 'LNK', 'amount_usd': 484, 'sale_ts': 1645784768205} to topic sales-usd partition 0 offset 359
2022-02-25 15:56:13 root         INFO     Produced {'seller_id': 'LNK', 'amount_usd': 804, 'sale_ts': 1645784773413} to topic sales-usd partition 0 offset 369
2022-02-25 15:56:18 root         INFO     Produced {'seller_id': 'LNK', 'amount_usd': 231, 'sale_ts': 1645784778623} to topic sales-usd partition 0 offset 379
2022-02-25 15:56:24 root         INFO     Produced {'seller_id': 'KC', 'amount_usd': 932, 'sale_ts': 1645784783832} to topic sales-usd partition 0 offset 389
2022-02-25 15:56:29 root         INFO     Produced {'seller_id': 'OMA', 'amount_usd': 456, 'sale_ts': 1645784789041} to topic sales-usd partition 0 offset 399
2022-02-25 15:56:34 root         INFO     Produced {'seller_id': 'LNK', 'amount_usd': 266, 'sale_ts': 1645784794250} to topic sales-usd partition 0 offset 409
2022-02-25 15:56:39 root         INFO     Produced {'seller_id': 'DEN', 'amount_usd': 655, 'sale_ts': 1645784799462} to topic sales-usd partition 0 offset 419
2022-02-25 15:56:44 root         INFO     Produced {'seller_id': 'DEN', 'amount_usd': 199, 'sale_ts': 1645784804671} to topic sales-usd partition 0 offset 429
2022-02-25 15:56:50 root         INFO     Produced {'seller_id': 'KC', 'amount_usd': 107, 'sale_ts': 1645784809878} to topic sales-usd partition 0 offset 439
2022-02-25 15:56:55 root         INFO     Produced {'seller_id': 'DEN', 'amount_usd': 724, 'sale_ts': 1645784815086} to topic sales-usd partition 0 offset 449
2022-02-25 15:57:00 root         INFO     Produced {'seller_id': 'OMA', 'amount_usd': 139, 'sale_ts': 1645784820294} to topic sales-usd partition 0 offset 459
2022-02-25 15:57:05 root         INFO     Produced {'seller_id': 'KC', 'amount_usd': 470, 'sale_ts': 1645784825502} to topic sales-usd partition 0 offset 469
2022-02-25 15:57:10 root         INFO     Produced {'seller_id': 'LNK', 'amount_usd': 809, 'sale_ts': 1645784830710} to topic sales-usd partition 0 offset 479
2022-02-25 15:57:16 root         INFO     Produced {'seller_id': 'LNK', 'amount_usd': 384, 'sale_ts': 1645784835918} to topic sales-usd partition 0 offset 489
2022-02-25 15:57:21 root         INFO     Produced {'seller_id': 'OMA', 'amount_usd': 269, 'sale_ts': 1645784841126} to topic sales-usd partition 0 offset 499
2022-02-25 15:57:26 root         INFO     Produced {'seller_id': 'LNK', 'amount_usd': 723, 'sale_ts': 1645784846333} to topic sales-usd partition 0 offset 509
2022-02-25 15:57:31 root         INFO     Produced {'seller_id': 'DEN', 'amount_usd': 990, 'sale_ts': 1645784851543} to topic sales-usd partition 0 offset 519
2022-02-25 15:57:36 root         INFO     Produced {'seller_id': 'LNK', 'amount_usd': 706, 'sale_ts': 1645784856751} to topic sales-usd partition 0 offset 529
2022-02-25 15:57:42 root         INFO     Produced {'seller_id': 'DEN', 'amount_usd': 158, 'sale_ts': 1645784861957} to topic sales-usd partition 0 offset 539
2022-02-25 15:57:47 root         INFO     Produced {'seller_id': 'OMA', 'amount_usd': 190, 'sale_ts': 1645784867166} to topic sales-usd partition 0 offset 549
2022-02-25 15:57:52 root         INFO     Produced {'seller_id': 'DEN', 'amount_usd': 614, 'sale_ts': 1645784872374} to topic sales-usd partition 0 offset 559
2022-02-25 15:57:57 root         INFO     Produced {'seller_id': 'KC', 'amount_usd': 362, 'sale_ts': 1645784877582} to topic sales-usd partition 0 offset 569
2022-02-25 15:58:02 root         INFO     Produced {'seller_id': 'KC', 'amount_usd': 586, 'sale_ts': 1645784882789} to topic sales-usd partition 0 offset 579
2022-02-25 15:58:08 root         INFO     Produced {'seller_id': 'OMA', 'amount_usd': 766, 'sale_ts': 1645784887998} to topic sales-usd partition 0 offset 589
2022-02-25 15:58:13 root         INFO     Produced {'seller_id': 'OMA', 'amount_usd': 778, 'sale_ts': 1645784893206} to topic sales-usd partition 0 offset 599
2022-02-25 15:58:18 root         INFO     Produced {'seller_id': 'KC', 'amount_usd': 758, 'sale_ts': 1645784898410} to topic sales-usd partition 0 offset 609
2022-02-25 15:58:23 root         INFO     Produced {'seller_id': 'KC', 'amount_usd': 690, 'sale_ts': 1645784903618} to topic sales-usd partition 0 offset 619
2022-02-25 15:58:29 root         INFO     Produced {'seller_id': 'LNK', 'amount_usd': 377, 'sale_ts': 1645784908825} to topic sales-usd partition 0 offset 629
2022-02-25 15:58:34 root         INFO     Produced {'seller_id': 'DEN', 'amount_usd': 822, 'sale_ts': 1645784914029} to topic sales-usd partition 0 offset 639
2022-02-25 15:58:39 root         INFO     Produced {'seller_id': 'LNK', 'amount_usd': 488, 'sale_ts': 1645784919238} to topic sales-usd partition 0 offset 649
2022-02-25 15:58:44 root         INFO     Produced {'seller_id': 'DEN', 'amount_usd': 132, 'sale_ts': 1645784924447} to topic sales-usd partition 0 offset 659
2022-02-25 15:58:49 root         INFO     Produced {'seller_id': 'OMA', 'amount_usd': 781, 'sale_ts': 1645784929654} to topic sales-usd partition 0 offset 669
2022-02-25 15:58:55 root         INFO     Produced {'seller_id': 'LNK', 'amount_usd': 462, 'sale_ts': 1645784934862} to topic sales-usd partition 0 offset 679
2022-02-25 15:59:00 root         INFO     Produced {'seller_id': 'LNK', 'amount_usd': 765, 'sale_ts': 1645784940069} to topic sales-usd partition 0 offset 689
2022-02-25 15:59:05 root         INFO     Produced {'seller_id': 'DEN', 'amount_usd': 455, 'sale_ts': 1645784945278} to topic sales-usd partition 0 offset 699
2022-02-25 15:59:10 root         INFO     Produced {'seller_id': 'KC', 'amount_usd': 245, 'sale_ts': 1645784950487} to topic sales-usd partition 0 offset 709
2022-02-25 15:59:15 root         INFO     Produced {'seller_id': 'LNK', 'amount_usd': 881, 'sale_ts': 1645784955696} to topic sales-usd partition 0 offset 719
2022-02-25 15:59:21 root         INFO     Produced {'seller_id': 'DEN', 'amount_usd': 501, 'sale_ts': 1645784960904} to topic sales-usd partition 0 offset 729
2022-02-25 15:59:26 root         INFO     Produced {'seller_id': 'DEN', 'amount_usd': 412, 'sale_ts': 1645784966111} to topic sales-usd partition 0 offset 739
2022-02-25 15:59:31 root         INFO     Produced {'seller_id': 'LNK', 'amount_usd': 203, 'sale_ts': 1645784971318} to topic sales-usd partition 0 offset 749
2022-02-25 15:59:36 root         INFO     Produced {'seller_id': 'DEN', 'amount_usd': 716, 'sale_ts': 1645784976525} to topic sales-usd partition 0 offset 759
2022-02-25 15:59:41 root         INFO     Produced {'seller_id': 'DEN', 'amount_usd': 979, 'sale_ts': 1645784981734} to topic sales-usd partition 0 offset 769
2022-02-25 15:59:47 root         INFO     Produced {'seller_id': 'LNK', 'amount_usd': 597, 'sale_ts': 1645784986943} to topic sales-usd partition 0 offset 779
2022-02-25 15:59:52 root         INFO     Produced {'seller_id': 'OMA', 'amount_usd': 894, 'sale_ts': 1645784992152} to topic sales-usd partition 0 offset 789
2022-02-25 15:59:57 root         INFO     Produced {'seller_id': 'LNK', 'amount_usd': 539, 'sale_ts': 1645784997357} to topic sales-usd partition 0 offset 799
2022-02-25 16:00:02 root         INFO     Produced {'seller_id': 'DEN', 'amount_usd': 447, 'sale_ts': 1645785002566} to topic sales-usd partition 0 offset 809
2022-02-25 16:00:07 root         INFO     Produced {'seller_id': 'OMA', 'amount_usd': 601, 'sale_ts': 1645785007774} to topic sales-usd partition 0 offset 819
2022-02-25 16:00:13 root         INFO     Produced {'seller_id': 'OMA', 'amount_usd': 731, 'sale_ts': 1645785012982} to topic sales-usd partition 0 offset 829
2022-02-25 16:00:18 root         INFO     Produced {'seller_id': 'OMA', 'amount_usd': 692, 'sale_ts': 1645785018191} to topic sales-usd partition 0 offset 839
2022-02-25 16:00:23 root         INFO     Produced {'seller_id': 'LNK', 'amount_usd': 925, 'sale_ts': 1645785023396} to topic sales-usd partition 0 offset 849
2022-02-25 16:00:28 root         INFO     Produced {'seller_id': 'LNK', 'amount_usd': 162, 'sale_ts': 1645785028602} to topic sales-usd partition 0 offset 859
2022-02-25 16:00:34 root         INFO     Produced {'seller_id': 'OMA', 'amount_usd': 230, 'sale_ts': 1645785033810} to topic sales-usd partition 0 offset 869
2022-02-25 16:00:39 root         INFO     Produced {'seller_id': 'KC', 'amount_usd': 246, 'sale_ts': 1645785039018} to topic sales-usd partition 0 offset 879
2022-02-25 16:00:44 root         INFO     Produced {'seller_id': 'DEN', 'amount_usd': 677, 'sale_ts': 1645785044226} to topic sales-usd partition 0 offset 889
2022-02-25 16:00:49 root         INFO     Produced {'seller_id': 'LNK', 'amount_usd': 975, 'sale_ts': 1645785049435} to topic sales-usd partition 0 offset 899
2022-02-25 16:00:54 root         INFO     Produced {'seller_id': 'LNK', 'amount_usd': 175, 'sale_ts': 1645785054642} to topic sales-usd partition 0 offset 909
2022-02-25 16:01:00 root         INFO     Produced {'seller_id': 'KC', 'amount_usd': 165, 'sale_ts': 1645785059850} to topic sales-usd partition 0 offset 919
2022-02-25 16:01:05 root         INFO     Produced {'seller_id': 'KC', 'amount_usd': 552, 'sale_ts': 1645785065061} to topic sales-usd partition 0 offset 929
2022-02-25 16:01:10 root         INFO     Produced {'seller_id': 'DEN', 'amount_usd': 217, 'sale_ts': 1645785070271} to topic sales-usd partition 0 offset 939
2022-02-25 16:01:15 root         INFO     Produced {'seller_id': 'DEN', 'amount_usd': 440, 'sale_ts': 1645785075478} to topic sales-usd partition 0 offset 949
2022-02-25 16:01:20 root         INFO     Produced {'seller_id': 'LNK', 'amount_usd': 196, 'sale_ts': 1645785080686} to topic sales-usd partition 0 offset 959
2022-02-25 16:01:26 root         INFO     Produced {'seller_id': 'OMA', 'amount_usd': 209, 'sale_ts': 1645785085894} to topic sales-usd partition 0 offset 969
2022-02-25 16:01:31 root         INFO     Produced {'seller_id': 'LNK', 'amount_usd': 386, 'sale_ts': 1645785091102} to topic sales-usd partition 0 offset 979
2022-02-25 16:01:36 root         INFO     Produced {'seller_id': 'DEN', 'amount_usd': 366, 'sale_ts': 1645785096311} to topic sales-usd partition 0 offset 989
2022-02-25 16:01:41 root         INFO     Produced {'seller_id': 'OMA', 'amount_usd': 354, 'sale_ts': 1645785101519} to topic sales-usd partition 0 offset 999
2022-02-25 16:01:46 root         INFO     Produced {'seller_id': 'LNK', 'amount_usd': 536, 'sale_ts': 1645785106726} to topic sales-usd partition 0 offset 1009
2022-02-25 16:01:52 root         INFO     Produced {'seller_id': 'KC', 'amount_usd': 239, 'sale_ts': 1645785111934} to topic sales-usd partition 0 offset 1019
2022-02-25 16:01:57 root         INFO     Produced {'seller_id': 'KC', 'amount_usd': 288, 'sale_ts': 1645785117138} to topic sales-usd partition 0 offset 1029
2022-02-25 16:02:02 root         INFO     Produced {'seller_id': 'DEN', 'amount_usd': 987, 'sale_ts': 1645785122342} to topic sales-usd partition 0 offset 1039
2022-02-25 16:02:07 root         INFO     Produced {'seller_id': 'LNK', 'amount_usd': 287, 'sale_ts': 1645785127550} to topic sales-usd partition 0 offset 1049
2022-02-25 16:02:12 root         INFO     Produced {'seller_id': 'LNK', 'amount_usd': 151, 'sale_ts': 1645785132755} to topic sales-usd partition 0 offset 1059
2022-02-25 16:02:18 root         INFO     Produced {'seller_id': 'KC', 'amount_usd': 102, 'sale_ts': 1645785137961} to topic sales-usd partition 0 offset 1069
2022-02-25 16:02:23 root         INFO     Produced {'seller_id': 'KC', 'amount_usd': 526, 'sale_ts': 1645785143170} to topic sales-usd partition 0 offset 1079
2022-02-25 16:02:28 root         INFO     Produced {'seller_id': 'KC', 'amount_usd': 435, 'sale_ts': 1645785148374} to topic sales-usd partition 0 offset 1089
2022-02-25 16:02:33 root         INFO     Produced {'seller_id': 'DEN', 'amount_usd': 818, 'sale_ts': 1645785153582} to topic sales-usd partition 0 offset 1099
2022-02-25 16:02:38 root         INFO     Produced {'seller_id': 'KC', 'amount_usd': 321, 'sale_ts': 1645785158786} to topic sales-usd partition 0 offset 1109
2022-02-25 16:02:44 root         INFO     Produced {'seller_id': 'OMA', 'amount_usd': 265, 'sale_ts': 1645785163994} to topic sales-usd partition 0 offset 1119
2022-02-25 16:02:49 root         INFO     Produced {'seller_id': 'DEN', 'amount_usd': 855, 'sale_ts': 1645785169202} to topic sales-usd partition 0 offset 1129
2022-02-25 16:02:54 root         INFO     Produced {'seller_id': 'KC', 'amount_usd': 273, 'sale_ts': 1645785174411} to topic sales-usd partition 0 offset 1139
2022-02-25 16:02:59 root         INFO     Produced {'seller_id': 'DEN', 'amount_usd': 887, 'sale_ts': 1645785179617} to topic sales-usd partition 0 offset 1149
2022-02-25 16:03:05 root         INFO     Produced {'seller_id': 'LNK', 'amount_usd': 447, 'sale_ts': 1645785184825} to topic sales-usd partition 0 offset 1159
2022-02-25 16:03:10 root         INFO     Produced {'seller_id': 'KC', 'amount_usd': 474, 'sale_ts': 1645785190034} to topic sales-usd partition 0 offset 1169
2022-02-25 16:03:15 root         INFO     Produced {'seller_id': 'LNK', 'amount_usd': 665, 'sale_ts': 1645785195242} to topic sales-usd partition 0 offset 1179
2022-02-25 16:03:20 root         INFO     Produced {'seller_id': 'DEN', 'amount_usd': 473, 'sale_ts': 1645785200450} to topic sales-usd partition 0 offset 1189
2022-02-25 16:03:25 root         INFO     Produced {'seller_id': 'DEN', 'amount_usd': 673, 'sale_ts': 1645785205658} to topic sales-usd partition 0 offset 1199
2022-02-25 16:03:31 root         INFO     Produced {'seller_id': 'OMA', 'amount_usd': 901, 'sale_ts': 1645785210866} to topic sales-usd partition 0 offset 1209
2022-02-25 16:03:36 root         INFO     Produced {'seller_id': 'LNK', 'amount_usd': 999, 'sale_ts': 1645785216074} to topic sales-usd partition 0 offset 1219
2022-02-25 16:03:41 root         INFO     Produced {'seller_id': 'KC', 'amount_usd': 401, 'sale_ts': 1645785221282} to topic sales-usd partition 0 offset 1229
2022-02-25 16:03:46 root         INFO     Produced {'seller_id': 'KC', 'amount_usd': 903, 'sale_ts': 1645785226490} to topic sales-usd partition 0 offset 1239
2022-02-25 16:03:51 root         INFO     Produced {'seller_id': 'DEN', 'amount_usd': 630, 'sale_ts': 1645785231698} to topic sales-usd partition 0 offset 1249
2022-02-25 16:03:57 root         INFO     Produced {'seller_id': 'KC', 'amount_usd': 857, 'sale_ts': 1645785236905} to topic sales-usd partition 0 offset 1259
2022-02-25 16:04:02 root         INFO     Produced {'seller_id': 'LNK', 'amount_usd': 718, 'sale_ts': 1645785242114} to topic sales-usd partition 0 offset 1269
2022-02-25 16:04:07 root         INFO     Produced {'seller_id': 'DEN', 'amount_usd': 781, 'sale_ts': 1645785247322} to topic sales-usd partition 0 offset 1279
2022-02-25 16:04:12 root         INFO     Produced {'seller_id': 'DEN', 'amount_usd': 909, 'sale_ts': 1645785252530} to topic sales-usd partition 0 offset 1289
2022-02-25 16:04:17 root         INFO     Produced {'seller_id': 'KC', 'amount_usd': 654, 'sale_ts': 1645785257738} to topic sales-usd partition 0 offset 1299
2022-02-25 16:04:23 root         INFO     Produced {'seller_id': 'KC', 'amount_usd': 890, 'sale_ts': 1645785262947} to topic sales-usd partition 0 offset 1309
2022-02-25 16:04:28 root         INFO     Produced {'seller_id': 'DEN', 'amount_usd': 686, 'sale_ts': 1645785268154} to topic sales-usd partition 0 offset 1319
2022-02-25 16:04:33 root         INFO     Produced {'seller_id': 'KC', 'amount_usd': 624, 'sale_ts': 1645785273362} to topic sales-usd partition 0 offset 1329
2022-02-25 16:04:38 root         INFO     Produced {'seller_id': 'KC', 'amount_usd': 879, 'sale_ts': 1645785278570} to topic sales-usd partition 0 offset 1339
2022-02-25 16:04:43 root         INFO     Produced {'seller_id': 'LNK', 'amount_usd': 370, 'sale_ts': 1645785283779} to topic sales-usd partition 0 offset 1349
2022-02-25 16:04:49 root         INFO     Produced {'seller_id': 'DEN', 'amount_usd': 781, 'sale_ts': 1645785288986} to topic sales-usd partition 0 offset 1359
2022-02-25 16:04:54 root         INFO     Produced {'seller_id': 'KC', 'amount_usd': 701, 'sale_ts': 1645785294193} to topic sales-usd partition 0 offset 1369
2022-02-25 16:04:59 root         INFO     Produced {'seller_id': 'OMA', 'amount_usd': 733, 'sale_ts': 1645785299402} to topic sales-usd partition 0 offset 1379
2022-02-25 16:05:04 root         INFO     Produced {'seller_id': 'OMA', 'amount_usd': 264, 'sale_ts': 1645785304609} to topic sales-usd partition 0 offset 1389
2022-02-25 16:05:10 root         INFO     Produced {'seller_id': 'OMA', 'amount_usd': 957, 'sale_ts': 1645785309814} to topic sales-usd partition 0 offset 1399
2022-02-25 16:05:15 root         INFO     Produced {'seller_id': 'LNK', 'amount_usd': 831, 'sale_ts': 1645785315017} to topic sales-usd partition 0 offset 1409
2022-02-25 16:05:20 root         INFO     Produced {'seller_id': 'DEN', 'amount_usd': 940, 'sale_ts': 1645785320222} to topic sales-usd partition 0 offset 1419
2022-02-25 16:05:25 root         INFO     Produced {'seller_id': 'OMA', 'amount_usd': 842, 'sale_ts': 1645785325430} to topic sales-usd partition 0 offset 1429
2022-02-25 16:05:30 root         INFO     Produced {'seller_id': 'DEN', 'amount_usd': 497, 'sale_ts': 1645785330638} to topic sales-usd partition 0 offset 1439
2022-02-25 16:05:36 root         INFO     Produced {'seller_id': 'LNK', 'amount_usd': 720, 'sale_ts': 1645785335846} to topic sales-usd partition 0 offset 1449
2022-02-25 16:05:41 root         INFO     Produced {'seller_id': 'KC', 'amount_usd': 795, 'sale_ts': 1645785341054} to topic sales-usd partition 0 offset 1459
2022-02-25 16:05:46 root         INFO     Produced {'seller_id': 'KC', 'amount_usd': 646, 'sale_ts': 1645785346262} to topic sales-usd partition 0 offset 1469
2022-02-25 16:05:51 root         INFO     Produced {'seller_id': 'KC', 'amount_usd': 482, 'sale_ts': 1645785351470} to topic sales-usd partition 0 offset 1479
2022-02-25 16:05:56 root         INFO     Produced {'seller_id': 'OMA', 'amount_usd': 292, 'sale_ts': 1645785356678} to topic sales-usd partition 0 offset 1489
2022-02-25 16:06:02 root         INFO     Produced {'seller_id': 'LNK', 'amount_usd': 519, 'sale_ts': 1645785361885} to topic sales-usd partition 0 offset 1499
2022-02-25 16:06:07 root         INFO     Produced {'seller_id': 'OMA', 'amount_usd': 539, 'sale_ts': 1645785367094} to topic sales-usd partition 0 offset 1509
2022-02-25 16:06:12 root         INFO     Produced {'seller_id': 'DEN', 'amount_usd': 277, 'sale_ts': 1645785372302} to topic sales-usd partition 0 offset 1519
2022-02-25 16:06:17 root         INFO     Produced {'seller_id': 'KC', 'amount_usd': 371, 'sale_ts': 1645785377510} to topic sales-usd partition 0 offset 1529
2022-02-25 16:06:22 root         INFO     Produced {'seller_id': 'OMA', 'amount_usd': 583, 'sale_ts': 1645785382720} to topic sales-usd partition 0 offset 1539
2022-02-25 16:06:28 root         INFO     Produced {'seller_id': 'DEN', 'amount_usd': 879, 'sale_ts': 1645785387928} to topic sales-usd partition 0 offset 1549
2022-02-25 16:06:33 root         INFO     Produced {'seller_id': 'LNK', 'amount_usd': 457, 'sale_ts': 1645785393135} to topic sales-usd partition 0 offset 1559
2022-02-25 16:06:38 root         INFO     Produced {'seller_id': 'LNK', 'amount_usd': 723, 'sale_ts': 1645785398342} to topic sales-usd partition 0 offset 1569
2022-02-25 16:06:43 root         INFO     Produced {'seller_id': 'DEN', 'amount_usd': 472, 'sale_ts': 1645785403550} to topic sales-usd partition 0 offset 1579
2022-02-25 16:06:48 root         INFO     Produced {'seller_id': 'KC', 'amount_usd': 958, 'sale_ts': 1645785408758} to topic sales-usd partition 0 offset 1589
2022-02-25 16:06:54 root         INFO     Produced {'seller_id': 'LNK', 'amount_usd': 413, 'sale_ts': 1645785413967} to topic sales-usd partition 0 offset 1599
2022-02-25 16:06:59 root         INFO     Produced {'seller_id': 'DEN', 'amount_usd': 254, 'sale_ts': 1645785419173} to topic sales-usd partition 0 offset 1609
2022-02-25 16:07:04 root         INFO     Produced {'seller_id': 'OMA', 'amount_usd': 949, 'sale_ts': 1645785424381} to topic sales-usd partition 0 offset 1619
2022-02-25 16:07:09 root         INFO     Produced {'seller_id': 'DEN', 'amount_usd': 946, 'sale_ts': 1645785429590} to topic sales-usd partition 0 offset 1629
2022-02-25 16:07:15 root         INFO     Produced {'seller_id': 'LNK', 'amount_usd': 791, 'sale_ts': 1645785434798} to topic sales-usd partition 0 offset 1639
2022-02-25 16:07:20 root         INFO     Produced {'seller_id': 'OMA', 'amount_usd': 740, 'sale_ts': 1645785440006} to topic sales-usd partition 0 offset 1649
2022-02-25 16:07:25 root         INFO     Produced {'seller_id': 'DEN', 'amount_usd': 594, 'sale_ts': 1645785445214} to topic sales-usd partition 0 offset 1659
2022-02-25 16:13:28 root         INFO     Starting sales producer
2022-02-25 16:26:19 root         INFO     Starting sales producer
2022-02-25 16:26:19 root         INFO     Produced {'seller_id': 'KC', 'amount_usd': 996, 'sale_ts': 1645786579731} to topic sales-usd partition 0 offset 1669
2022-02-25 16:26:25 root         INFO     Produced {'seller_id': 'OMA', 'amount_usd': 176, 'sale_ts': 1645786584997} to topic sales-usd partition 0 offset 1679
2022-02-25 16:26:30 root         INFO     Produced {'seller_id': 'DEN', 'amount_usd': 835, 'sale_ts': 1645786590207} to topic sales-usd partition 0 offset 1689
2022-02-25 16:26:35 root         INFO     Produced {'seller_id': 'KC', 'amount_usd': 714, 'sale_ts': 1645786595414} to topic sales-usd partition 0 offset 1699
2022-02-25 16:26:40 root         INFO     Produced {'seller_id': 'KC', 'amount_usd': 815, 'sale_ts': 1645786600622} to topic sales-usd partition 0 offset 1709
2022-02-25 16:26:46 root         INFO     Produced {'seller_id': 'DEN', 'amount_usd': 600, 'sale_ts': 1645786605829} to topic sales-usd partition 0 offset 1719
2022-02-25 16:34:44 root         INFO     Starting sales producer
2022-02-25 16:34:44 root         INFO     Produced {'seller_id': 'OMA', 'amount_usd': 946, 'sale_ts': 1645787084343} to topic sales-usd partition 0 offset 1729
2022-02-25 16:34:49 root         INFO     Produced {'seller_id': 'OMA', 'amount_usd': 510, 'sale_ts': 1645787089554} to topic sales-usd partition 0 offset 1739
2022-02-25 16:58:44 root         INFO     Starting sales producer
2022-02-25 16:58:44 root         INFO     Produced {'seller_id': 'LNK', 'amount_usd': 736, 'sale_ts': 1645788524246} to topic sales-usd partition 0 offset 2556
2022-02-25 16:58:49 root         INFO     Produced {'seller_id': 'KC', 'amount_usd': 748, 'sale_ts': 1645788529455} to topic sales-usd partition 0 offset 2566
2022-02-25 16:58:54 root         INFO     Produced {'seller_id': 'LNK', 'amount_usd': 631, 'sale_ts': 1645788534663} to topic sales-usd partition 0 offset 2576
2022-02-25 16:59:00 root         INFO     Produced {'seller_id': 'DEN', 'amount_usd': 198, 'sale_ts': 1645788539870} to topic sales-usd partition 0 offset 2586
2022-02-25 16:59:05 root         INFO     Produced {'seller_id': 'KC', 'amount_usd': 584, 'sale_ts': 1645788545077} to topic sales-usd partition 0 offset 2596
2022-02-25 19:01:27 root         INFO     Starting sales producer
2022-02-25 19:01:27 root         INFO     Produced {'seller_id': 'OMA', 'amount_usd': 222, 'sale_ts': 1645795887302} to topic sales-usd partition 0 offset 2679
2022-02-25 19:01:32 root         INFO     Produced {'seller_id': 'OMA', 'amount_usd': 641, 'sale_ts': 1645795892510} to topic sales-usd partition 0 offset 2689
2022-02-25 19:01:37 root         INFO     Produced {'seller_id': 'LNK', 'amount_usd': 392, 'sale_ts': 1645795897718} to topic sales-usd partition 0 offset 2699
